[27-11-2025 04:44:23] [DG] UTILIZADOR: Sessão iniciada por DG
[27-11-2025 04:49:59] [DG] UTILIZADOR: Sessão iniciada por DG
[27-11-2025 04:50:22] [DG] EMITIR REVISAO GLOBAL: 5 desenhos - 27-11-2025 - Geral
[27-11-2025 04:51:11] [DG] EXPORTAR CSV: Iniciado
[27-11-2025 04:51:18] [DG] EXPORTAR CSV: Sucesso - C:\Users\JSJ\JSJ AI\JSJ-GestaoDesenhos-LSP\WorkFiles\Legenda work_Lista.csv
[27-11-2025 05:04:29] [JSJ] EMITIR REVISAO: 2 desenhos - 27-11-2025 - Era
[27-11-2025 05:14:52] [DG] UTILIZADOR: Sessão iniciada por DG
[27-11-2025 05:15:07] [DG] GLOBAL: FASE = 'EXECUÇÃO' em 5 desenhos
[27-11-2025 05:27:18] [JSJ] FASE: Alterada para 'ALTERAÇÕES' em 5 desenhos
[27-11-2025 05:27:21] [JSJ] FASE: Revisoes apagadas em 5 desenhos
[27-11-2025 05:27:28] [JSJ] FASE: DATA alterada para 'OUTUBRO 2024' em 5 desenhos
[27-11-2025 05:38:25] [JSJ] GLOBAL: CLIENTE = 'BONDSTONE' em 5 desenhos
[27-11-2025 05:38:40] [JSJ] EMITIR REVISAO: 1 desenhos - 27-11-2025 - ESCADA
[27-11-2025 05:39:10] [JSJ] GLOBAL: PROJETOU = 'DAVID GAMA. CARLOS PIMENTA.' em 5 desenhos
[28-11-2025 02:57:59] [JSJ] FORMATO TAB: Definido como '"779"-"EST"-(DES_NUM)-"PEX"-(R)'
[28-11-2025 02:58:08] [JSJ] FORMATO TAB: Aplicado a 5 layouts
[28-11-2025 02:58:53] [JSJ] EMITIR REVISAO: 1 desenhos - 28-11-2025 - TESTE
[28-11-2025 02:59:13] [JSJ] FORMATO TAB: Aplicado a 5 layouts
[28-11-2025 03:11:59] [JSJ] FORMATO TAB: Definido como '"669"-"EST"-(DES_NUM)-"PE"-"E00"-(R)'
[28-11-2025 03:12:08] [JSJ] FORMATO TAB: Aplicado a 5 layouts
[28-11-2025 03:17:10] [JSJ] EMITIR REVISAO: 5 desenhos - 28-11-2025 - geral
[28-11-2025 03:21:40] [JSJ] EMITIR REVISAO: 5 desenhos - 28-11-2025 - Nova
[28-11-2025 03:22:22] [JSJ] FORMATO TAB: Definido como '"669"-"EST"-(DES_NUM)-"PE"-"E00"-(R)'
[28-11-2025 03:22:27] [JSJ] FORMATO TAB: Aplicado a 5 layouts
[28-11-2025 03:22:57] [JSJ] EMITIR REVISAO: 1 desenhos - 28-11-2025 - nova
[28-11-2025 03:23:09] [JSJ] EMITIR REVISAO: 5 desenhos - 28-11-2025 - TESTE
