[03-12-2025 03:54:24] [JSJ] GLOBAL: CLIENTE = 'BOND' em 5 desenhos
[03-12-2025 03:54:38] [JSJ] GLOBAL: PROJ_NUM = '717' em 5 desenhos
[03-12-2025 03:54:51] [JSJ] GLOBAL: FASE_PFIX = 'PEX' em 5 desenhos
[03-12-2025 03:55:08] [JSJ] GLOBAL: EMISSAO = 'E01' em 5 desenhos
[03-12-2025 03:55:35] [JSJ] GLOBAL: PFIX = 'PRE' em 5 desenhos
[03-12-2025 03:57:40] [JSJ] GLOBAL: ELEMENTO = 'NUCLEOS' em 2 desenhos
[03-12-2025 03:58:07] [JSJ] GLOBAL: TIPO = 'BETAO ARMADO' em 2 desenhos
[03-12-2025 03:58:54] [JSJ] GLOBAL: PFIX = 'DIM' em 3 desenhos
[03-12-2025 03:59:21] [JSJ] GLOBAL: PFIX = 'NUC' em 2 desenhos
[03-12-2025 04:00:03] [JSJ] ATUALIZAR NOMES: 5 layouts renomeados
[03-12-2025 04:03:17] [JSJ] DADOS PROJETO: Atualizados 5 desenhos
[03-12-2025 04:03:48] [JSJ] FASE: 'LICENCIAMENTO' PFIX:'PB' em 5 desenhos
[03-12-2025 04:04:16] [JSJ] EMITIR REVISAO: 5 desenhos - 03-12-2025 - NOVA V4
[03-12-2025 04:04:47] [JSJ] PFIX: 'PRE' em 2 desenhos
[03-12-2025 04:05:38] [JSJ] TIPO: 'PRE-ESFORCO' em 2 desenhos
[03-12-2025 04:05:54] [JSJ] EXPORT CSV COMPLETO: 5 desenhos
[03-12-2025 04:07:17] [JSJ] TITULO: Des 03 alterado para 'PISO 4'
[03-12-2025 04:07:34] [JSJ] ELEMENTO: 'PLANTA E CORTES' em 1 desenhos
[03-12-2025 04:31:05] [JSJ] FASE: 'EXECUÇÃO' PFIX:'PEX' em 5 desenhos
[03-12-2025 04:32:37] [JSJ] EMISSAO: 'E00' DATA:'SETEMBRO 2025' em 5 desenhos
[03-12-2025 04:34:54] [JSJ] TITULO: Des 01 alterado para 'PISO 1'
[03-12-2025 04:35:36] [JSJ] TIPO: 'BETAO ARMADO' em 1 desenhos
[03-12-2025 04:42:11] [JSJ] NUMERAR: 5 desenhos renumerados
[03-12-2025 04:59:17] [JSJ] NUMERAR SEQ: 5 desenhos renumerados
[03-12-2025 04:59:41] [JSJ] INSERIR SEQ: Desenho 003 inserido, 3 renumerados
[03-12-2025 05:00:11] [JSJ] ORDENAR DES_NUM: 6 layouts reordenados
[03-12-2025 05:07:28] [JSJ] APAGAR: Layout '-EST-003' eliminado
[03-12-2025 05:08:16] [JSJ] INSERIR SEQ: Desenho 003 inserido, 3 renumerados
[03-12-2025 05:08:27] [JSJ] NUMERAR SEQ: 6 desenhos renumerados
[03-12-2025 05:08:59] [JSJ] GERAR LAYOUTS: Criados 2 layouts
[03-12-2025 05:18:06] [JSJ] TABS: Atualizados 8 layouts
[03-12-2025 05:23:59] [JSJ] APAGAR: Layout '-EST-007' eliminado
[03-12-2025 05:23:59] [JSJ] APAGAR: Layout '-EST-008' eliminado
[03-12-2025 05:26:19] [JSJ] PFIX: 'PRE' em 1 desenhos
[03-12-2025 05:26:37] [JSJ] PFIX: 'BA' em 1 desenhos
[03-12-2025 05:26:51] [JSJ] ELEMENTO: 'VIGAS' em 1 desenhos
[03-12-2025 05:27:11] [JSJ] NUMERAR SEQ: 6 desenhos renumerados
[03-12-2025 05:27:16] [JSJ] TABS: Atualizados 6 layouts
[03-12-2025 05:27:50] [JSJ] NUMERAR SEQ: 6 desenhos renumerados
[03-12-2025 05:27:58] [JSJ] TABS: Atualizados 6 layouts
[03-12-2025 05:28:09] [JSJ] ORDENAR DES_NUM: 6 layouts reordenados
[03-12-2025 05:28:52] [JSJ] PFIX: 'VAZIO' em 6 desenhos
[03-12-2025 05:29:31] [JSJ] FASE: 'ESTUDO PREVIO' PFIX:'EP' em 6 desenhos
[03-12-2025 05:29:43] [JSJ] EXPORT CSV COMPLETO: 6 desenhos
[03-12-2025 05:38:38] [JSJ] EXPORT CSV COMPLETO: 6 desenhos
[03-12-2025 05:42:48] [JSJ] PFIX: 'DIM' em 1 desenhos
[03-12-2025 05:42:58] [JSJ] PFIX: 'DIM' em 2 desenhos
[03-12-2025 05:43:11] [JSJ] PFIX: 'BA' em 1 desenhos
[03-12-2025 05:43:25] [JSJ] PFIX: 'PRE' em 2 desenhos
[03-12-2025 05:43:43] [JSJ] NUMERAR PFIX: 6 desenhos renumerados
[03-12-2025 05:44:29] [JSJ] INSERIR PFIX: PRE 002 inserido, 1 renumerados
[03-12-2025 05:44:51] [JSJ] ORDENAR PFIX: 7 layouts - Ordem: DIM, BA, PRE
[03-12-2025 06:06:42] [JSJ] HISTORICO MD: 16 revisoes, 3 datas
[03-12-2025 06:20:14] [JSJ] HISTORICO MD: 16 revisoes, 3 datas
[03-12-2025 06:26:35] [JSJ] EXPORT CSV COMPLETO: 7 desenhos
[03-12-2025 07:07:49] [JSJ] IMPORT CSV: 7 desenhos
