[28-11-2025 04:28:48] [JSJ] FORMATO TAB: Definido como '"669"-"EST"-(DES_NUM)-"PE"-"E00"-(R)'
[28-11-2025 04:30:34] [JSJ] MODIFICAR: Des 01 - TITULO alterado
[28-11-2025 04:30:44] [JSJ] MODIFICAR: Des 02 - TITULO alterado
[28-11-2025 04:30:56] [JSJ] MODIFICAR: Des 03 - TITULO alterado
[28-11-2025 04:31:01] [JSJ] MODIFICAR: Des 04 - TITULO alterado
[28-11-2025 04:31:12] [JSJ] MODIFICAR: Des 05 - TITULO alterado
[28-11-2025 04:31:40] [JSJ] GLOBAL: TIPO = 'DIMENSIONAMENTO' em 1 desenhos
[28-11-2025 04:31:57] [JSJ] GLOBAL: TIPO = 'BETÃO ARMADO' em 1 desenhos
[28-11-2025 04:32:27] [JSJ] GLOBAL: TIPO = 'DIMENSIONAMENTO' em 2 desenhos
[28-11-2025 04:32:46] [JSJ] GLOBAL: TIPO = 'BETÃO ARMADO' em 1 desenhos
[28-11-2025 04:33:32] [JSJ] MODIFICAR: Des 04 - ELEMENTO alterado
[28-11-2025 04:33:40] [JSJ] MODIFICAR: Des 05 - ELEMENTO alterado
[28-11-2025 04:34:42] [JSJ] MODIFICAR: Des 04 - ELEMENTO alterado
[28-11-2025 04:34:52] [JSJ] MODIFICAR: Des 05 - ELEMENTO alterado
[28-11-2025 04:40:47] [JSJ] MODIFICAR: Des 04 - ELEMENTO alterado
[28-11-2025 04:40:57] [JSJ] MODIFICAR: Des 05 - ELEMENTO alterado
[28-11-2025 04:42:15] [JSJ] FORMATO TAB: Definido como '"669"-"EST"-(DES_NUM)-"PE"-"E00"-(R)'
[28-11-2025 04:42:23] [JSJ] FORMATO TAB: Aplicado a 5 layouts
[28-11-2025 04:48:41] [JSJ] MODIFICAR: Des 05 - ELEMENTO alterado
[28-11-2025 04:50:37] [JSJ] MODIFICAR: Des 05 - ELEMENTO alterado
[28-11-2025 05:06:26] [JSJ] GLOBAL: ELEMENTO = 'LAJES' em 2 desenhos
[28-11-2025 05:07:25] [JSJ] MODIFICAR: Des 05 - ELEMENTO alterado
[28-11-2025 05:08:56] [JSJ] MODIFICAR: Des 05 - ELEMENTO alterado
[28-11-2025 05:11:01] [JSJ] GLOBAL: ELEMENTO = 'lAJES' em 2 desenhos
[28-11-2025 05:11:30] [JSJ] MODIFICAR: Des 04 - TITULO alterado
[28-11-2025 05:11:43] [JSJ] GLOBAL: ELEMENTO = 'LAJES' em 2 desenhos
[28-11-2025 05:13:53] [JSJ] EMITIR REVISAO: 3 desenhos - 28-11-2025 - GERAL
[28-11-2025 05:14:13] [JSJ] EMITIR REVISAO: 2 desenhos - 25-11-2025 - GERAL
[28-11-2025 05:14:23] [JSJ] EMITIR REVISAO: 5 desenhos - 28-11-2025 - GERAL
[28-11-2025 05:15:07] [JSJ] FORMATO TAB: Definido como '"669"-"EST"-(DES_NUM)-"PE"-"E00"-(R)'
[28-11-2025 05:15:11] [JSJ] FORMATO TAB: Aplicado a 5 layouts
[28-11-2025 05:15:31] [JSJ] EMITIR REVISAO: 1 desenhos - 28-11-2025 - nova
[28-11-2025 05:16:06] [JSJ] MODIFICAR: Des 01 - TITULO alterado
